<?xml version="1.0" encoding="UTF-8"?>
<!-- Generated by org.testng.reporters.JUnitReportReporter -->
<testsuite skipped="0" hostname="user-PC" name="Academy.ValidateTitle" tests="2" failures="0" timestamp="13 Nov 2020 07:11:58 GMT" time="0.117" errors="0">
  <testcase name="TitlePage" time="0.077" classname="Academy.ValidateTitle"/>
  <testcase name="validateHeader" time="0.040" classname="Academy.ValidateTitle"/>
</testsuite> <!-- Academy.ValidateTitle -->
