<?xml version="1.0" encoding="UTF-8"?>
<!-- Generated by org.testng.reporters.JUnitReportReporter -->
<testsuite skipped="0" hostname="user-PC" name="Academy.HomePage" tests="2" failures="0" timestamp="12 Nov 2020 08:23:03 GMT" time="8.004" errors="0">
  <testcase name="BasepageNavigation" time="3.393" classname="Academy.HomePage"/>
  <testcase name="BasepageNavigation" time="4.611" classname="Academy.HomePage"/>
</testsuite> <!-- Academy.HomePage -->
