<?xml version="1.0" encoding="UTF-8"?>
<!-- Generated by org.testng.reporters.JUnitReportReporter -->
<testsuite skipped="0" hostname="user-PC" name="Academy.ValidateNavigation" tests="1" failures="0" timestamp="27 Apr 2021 15:30:59 GMT" time="19.994" errors="0">
  <testcase name="validateNavigationBar" time="19.994" classname="Academy.ValidateNavigation"/>
</testsuite> <!-- Academy.ValidateNavigation -->
