<?xml version="1.0" encoding="UTF-8"?>
<!-- Generated by org.testng.reporters.JUnitReportReporter -->
<testsuite skipped="0" hostname="user-PC" name="Academy.ValidateNavigation" tests="1" failures="0" timestamp="13 Nov 2020 07:10:05 GMT" time="6.102" errors="0">
  <testcase name="validateNavigationBar" time="6.102" classname="Academy.ValidateNavigation"/>
</testsuite> <!-- Academy.ValidateNavigation -->
